[32m[WebServer][39m started on port 8080
[ 'hplayer:webserver/status',
  'HPlayer',
  'stoped',
  '',
  0,
  0,
  1,
  50,
  'unmuted',
  100,
  0 ]
[ 'hplayer:webserver/status',
  'HPlayer',
  'stoped',
  '',
  0,
  0,
  1,
  50,
  'unmuted',
  100,
  0 ]
[ 'hplayer:webserver/status',
  'HPlayer',
  'stoped',
  '',
  0,
  0,
  1,
  50,
  'unmuted',
  100,
  0 ]
[ 'hplayer:webserver/status',
  'HPlayer',
  'stoped',
  '',
  0,
  0,
  1,
  50,
  'unmuted',
  100,
  0 ]
[ 'hplayer:webserver/status',
  'HPlayer',
  'stoped',
  '',
  0,
  0,
  1,
  50,
  'unmuted',
  100,
  0 ]
[ 'hplayer:webserver/status',
  'HPlayer',
  'stoped',
  '',
  0,
  0,
  1,
  50,
  'unmuted',
  100,
  0 ]
[ 'hplayer:webserver/status',
  'HPlayer',
  'stoped',
  '',
  0,
  0,
  1,
  50,
  'unmuted',
  100,
  0 ]
[ 'scenarioplayer:webserver/status',
  '{"isPlaying":false,"nowplaying":""}' ]
[ 'hplayer:webserver/status',
  'HPlayer',
  'stoped',
  '',
  0,
  0,
  1,
  50,
  'unmuted',
  100,
  0 ]
[ 'hplayer:webserver/status',
  'HPlayer',
  'stoped',
  '',
  0,
  0,
  1,
  50,
  'unmuted',
  100,
  0 ]
[ 'hplayer:webserver/status',
  'HPlayer',
  'stoped',
  '',
  0,
  0,
  1,
  50,
  'unmuted',
  100,
  0 ]
play  /home/pi/media/3521672499_2f1e02a1e2_o.jpeg
[ 'hplayer:webserver/status',
  'HPlayer',
  'playing',
  '/home/pi/media/3521672499_2f1e02a1e2_o.jpeg',
  0,
  0,
  1,
  50,
  'unmuted',
  100,
  0 ]
[ 'hplayer:webserver/status',
  'HPlayer',
  'playing',
  '/home/pi/media/3521672499_2f1e02a1e2_o.jpeg',
  0,
  0,
  1,
  50,
  'unmuted',
  100,
  0 ]
play  /home/pi/media/sintel-480p.mp4
[ 'hplayer:webserver/status',
  'HPlayer',
  'playing',
  '/home/pi/media/sintel-480p.mp4',
  666,
  52208,
  1,
  50,
  'unmuted',
  100,
  0 ]
[ 'hplayer:webserver/status',
  'HPlayer',
  'playing',
  '/home/pi/media/sintel-480p.mp4',
  2666,
  52208,
  1,
  50,
  'unmuted',
  100,
  0 ]
[ 'hplayer:webserver/status',
  'HPlayer',
  'playing',
  '/home/pi/media/sintel-480p.mp4',
  4666,
  52208,
  1,
  50,
  'unmuted',
  100,
  0 ]
[ 'hplayer:webserver/status',
  'HPlayer',
  'playing',
  '/home/pi/media/sintel-480p.mp4',
  6666,
  52208,
  1,
  50,
  'unmuted',
  100,
  0 ]
[ 'hplayer:webserver/status',
  'HPlayer',
  'playing',
  '/home/pi/media/sintel-480p.mp4',
  8666,
  52208,
  1,
  50,
  'unmuted',
  100,
  0 ]
[ 'hplayer:webserver/status',
  'HPlayer',
  'playing',
  '/home/pi/media/sintel-480p.mp4',
  10708,
  52208,
  1,
  50,
  'unmuted',
  100,
  0 ]
[ 'hplayer:webserver/status',
  'HPlayer',
  'playing',
  '/home/pi/media/sintel-480p.mp4',
  12708,
  52208,
  1,
  50,
  'unmuted',
  100,
  0 ]
[ 'hplayer:webserver/status',
  'HPlayer',
  'playing',
  '/home/pi/media/sintel-480p.mp4',
  14708,
  52208,
  1,
  50,
  'unmuted',
  100,
  0 ]
[ 'hplayer:webserver/status',
  'HPlayer',
  'playing',
  '/home/pi/media/sintel-480p.mp4',
  16708,
  52208,
  1,
  50,
  'unmuted',
  100,
  0 ]
[ 'hplayer:webserver/status',
  'HPlayer',
  'playing',
  '/home/pi/media/sintel-480p.mp4',
  18708,
  52208,
  1,
  50,
  'unmuted',
  100,
  0 ]
[ 'hplayer:webserver/status',
  'HPlayer',
  'playing',
  '/home/pi/media/sintel-480p.mp4',
  20708,
  52208,
  1,
  50,
  'unmuted',
  100,
  0 ]
[ 'hplayer:webserver/status',
  'HPlayer',
  'playing',
  '/home/pi/media/sintel-480p.mp4',
  22708,
  52208,
  1,
  50,
  'unmuted',
  100,
  0 ]
[ 'hplayer:webserver/status',
  'HPlayer',
  'playing',
  '/home/pi/media/sintel-480p.mp4',
  24708,
  52208,
  1,
  50,
  'unmuted',
  100,
  0 ]
[ 'hplayer:webserver/status',
  'HPlayer',
  'playing',
  '/home/pi/media/sintel-480p.mp4',
  26708,
  52208,
  1,
  50,
  'unmuted',
  100,
  0 ]
[ 'hplayer:webserver/status',
  'HPlayer',
  'playing',
  '/home/pi/media/sintel-480p.mp4',
  28708,
  52208,
  1,
  50,
  'unmuted',
  100,
  0 ]
[ 'hplayer:webserver/status',
  'HPlayer',
  'playing',
  '/home/pi/media/sintel-480p.mp4',
  30708,
  52208,
  1,
  50,
  'unmuted',
  100,
  0 ]
[ 'hplayer:webserver/status',
  'HPlayer',
  'playing',
  '/home/pi/media/sintel-480p.mp4',
  32708,
  52208,
  1,
  50,
  'unmuted',
  100,
  0 ]
